2023/08/23 10:32:47 [warning] [system.web.CHttpSession] Failed to start session.
in /home/sa/php_projects/yii_projects/yii_tutorial/protected/views/layouts/main.php (35)
in /home/sa/php_projects/yii_projects/yii_tutorial/protected/views/layouts/column1.php (6)
in /home/sa/php_projects/yii_projects/yii_tutorial/protected/controllers/SiteController.php (32)
2023/08/23 10:32:47 [warning] [system.web.CHttpSession] Failed to start session.
in /home/sa/php_projects/yii_projects/yii_tutorial/protected/views/layouts/main.php (35)
in /home/sa/php_projects/yii_projects/yii_tutorial/protected/views/layouts/column1.php (6)
in /home/sa/php_projects/yii_projects/yii_tutorial/protected/controllers/SiteController.php (32)
2023/08/23 10:42:18 [warning] [system.web.CHttpSession] Failed to start session.
in /home/sa/php_projects/yii_projects/yii_tutorial/protected/views/layouts/main.php (35)
in /home/sa/php_projects/yii_projects/yii_tutorial/protected/views/layouts/column1.php (6)
in /home/sa/php_projects/yii_projects/yii_tutorial/protected/controllers/SiteController.php (32)
2023/08/23 10:42:18 [warning] [system.web.CHttpSession] Failed to start session.
in /home/sa/php_projects/yii_projects/yii_tutorial/protected/views/layouts/main.php (35)
in /home/sa/php_projects/yii_projects/yii_tutorial/protected/views/layouts/column1.php (6)
in /home/sa/php_projects/yii_projects/yii_tutorial/protected/controllers/SiteController.php (32)
2023/08/23 11:01:59 [warning] [system.web.CHttpSession] Failed to start session.
in /home/sa/php_projects/yii_projects/yii_tutorial/protected/views/layouts/main.php (35)
in /home/sa/php_projects/yii_projects/yii_tutorial/protected/views/layouts/column1.php (6)
in /home/sa/php_projects/yii_projects/yii_tutorial/protected/controllers/SiteController.php (32)
2023/08/23 11:01:59 [warning] [system.web.CHttpSession] Failed to start session.
in /home/sa/php_projects/yii_projects/yii_tutorial/protected/views/layouts/main.php (35)
in /home/sa/php_projects/yii_projects/yii_tutorial/protected/views/layouts/column1.php (6)
in /home/sa/php_projects/yii_projects/yii_tutorial/protected/controllers/SiteController.php (32)
2023/08/23 11:02:15 [warning] [system.web.CHttpSession] Failed to start session.
in /home/sa/php_projects/yii_projects/yii_tutorial/protected/views/layouts/main.php (35)
in /home/sa/php_projects/yii_projects/yii_tutorial/protected/views/layouts/column1.php (6)
in /home/sa/php_projects/yii_projects/yii_tutorial/protected/controllers/SiteController.php (32)
2023/08/23 11:02:15 [warning] [system.web.CHttpSession] Failed to start session.
in /home/sa/php_projects/yii_projects/yii_tutorial/protected/views/layouts/main.php (35)
in /home/sa/php_projects/yii_projects/yii_tutorial/protected/views/layouts/column1.php (6)
in /home/sa/php_projects/yii_projects/yii_tutorial/protected/controllers/SiteController.php (32)
2023/08/23 12:43:25 [error] [exception.CException] CException: CAssetManager.basePath "/home/sa/php_projects/yii_projects/yii_tutorial/assets" is invalid. Please make sure the directory exists and is writable by the Web server process. in /home/sa/php_projects/yii_projects/yii_tutorial/yii/framework/web/CAssetManager.php:138
Stack trace:
#0 /home/sa/php_projects/yii_projects/yii_tutorial/yii/framework/web/CAssetManager.php(123): CAssetManager->setBasePath()
#1 /home/sa/php_projects/yii_projects/yii_tutorial/yii/framework/web/CAssetManager.php(217): CAssetManager->getBasePath()
#2 /home/sa/php_projects/yii_projects/yii_tutorial/yii/framework/web/CClientScript.php(511): CAssetManager->publish()
#3 /home/sa/php_projects/yii_projects/yii_tutorial/yii/framework/web/CClientScript.php(548): CClientScript->getCoreScriptUrl()
#4 /home/sa/php_projects/yii_projects/yii_tutorial/yii/framework/web/CClientScript.php(349): CClientScript->getPackageBaseUrl()
#5 /home/sa/php_projects/yii_projects/yii_tutorial/yii/framework/web/CClientScript.php(208): CClientScript->renderCoreScripts()
#6 /home/sa/php_projects/yii_projects/yii_tutorial/yii/framework/web/CController.php(352): CClientScript->render()
#7 /home/sa/php_projects/yii_projects/yii_tutorial/yii/framework/web/CController.php(791): CController->processOutput()
#8 /home/sa/php_projects/yii_projects/yii_tutorial/protected/controllers/SiteController.php(72): CController->render()
#9 /home/sa/php_projects/yii_projects/yii_tutorial/yii/framework/web/actions/CInlineAction.php(49): SiteController->actionContact()
#10 /home/sa/php_projects/yii_projects/yii_tutorial/yii/framework/web/CController.php(308): CInlineAction->runWithParams()
#11 /home/sa/php_projects/yii_projects/yii_tutorial/yii/framework/web/CController.php(286): CController->runAction()
#12 /home/sa/php_projects/yii_projects/yii_tutorial/yii/framework/web/CController.php(265): CController->runActionWithFilters()
#13 /home/sa/php_projects/yii_projects/yii_tutorial/yii/framework/web/CWebApplication.php(282): CController->run()
#14 /home/sa/php_projects/yii_projects/yii_tutorial/yii/framework/web/CWebApplication.php(141): CWebApplication->runController()
#15 /home/sa/php_projects/yii_projects/yii_tutorial/yii/framework/base/CApplication.php(185): CWebApplication->processRequest()
#16 /home/sa/php_projects/yii_projects/yii_tutorial/index.php(13): CApplication->run()
#17 {main}
REQUEST_URI=/index.php?r=site/contact
HTTP_REFERER=http://dev.yiiapp.com/index.php?r=site/page&view=about
---
2023/08/23 12:44:07 [error] [exception.CException] CException: CAssetManager.basePath "/home/sa/php_projects/yii_projects/yii_tutorial/assets" is invalid. Please make sure the directory exists and is writable by the Web server process. in /home/sa/php_projects/yii_projects/yii_tutorial/yii/framework/web/CAssetManager.php:138
Stack trace:
#0 /home/sa/php_projects/yii_projects/yii_tutorial/yii/framework/web/CAssetManager.php(123): CAssetManager->setBasePath()
#1 /home/sa/php_projects/yii_projects/yii_tutorial/yii/framework/web/CAssetManager.php(217): CAssetManager->getBasePath()
#2 /home/sa/php_projects/yii_projects/yii_tutorial/yii/framework/web/CClientScript.php(511): CAssetManager->publish()
#3 /home/sa/php_projects/yii_projects/yii_tutorial/yii/framework/web/CClientScript.php(548): CClientScript->getCoreScriptUrl()
#4 /home/sa/php_projects/yii_projects/yii_tutorial/yii/framework/web/CClientScript.php(349): CClientScript->getPackageBaseUrl()
#5 /home/sa/php_projects/yii_projects/yii_tutorial/yii/framework/web/CClientScript.php(208): CClientScript->renderCoreScripts()
#6 /home/sa/php_projects/yii_projects/yii_tutorial/yii/framework/web/CController.php(352): CClientScript->render()
#7 /home/sa/php_projects/yii_projects/yii_tutorial/yii/framework/web/CController.php(791): CController->processOutput()
#8 /home/sa/php_projects/yii_projects/yii_tutorial/protected/controllers/SiteController.php(98): CController->render()
#9 /home/sa/php_projects/yii_projects/yii_tutorial/yii/framework/web/actions/CInlineAction.php(49): SiteController->actionLogin()
#10 /home/sa/php_projects/yii_projects/yii_tutorial/yii/framework/web/CController.php(308): CInlineAction->runWithParams()
#11 /home/sa/php_projects/yii_projects/yii_tutorial/yii/framework/web/CController.php(286): CController->runAction()
#12 /home/sa/php_projects/yii_projects/yii_tutorial/yii/framework/web/CController.php(265): CController->runActionWithFilters()
#13 /home/sa/php_projects/yii_projects/yii_tutorial/yii/framework/web/CWebApplication.php(282): CController->run()
#14 /home/sa/php_projects/yii_projects/yii_tutorial/yii/framework/web/CWebApplication.php(141): CWebApplication->runController()
#15 /home/sa/php_projects/yii_projects/yii_tutorial/yii/framework/base/CApplication.php(185): CWebApplication->processRequest()
#16 /home/sa/php_projects/yii_projects/yii_tutorial/index.php(13): CApplication->run()
#17 {main}
REQUEST_URI=/index.php?r=site/login
HTTP_REFERER=http://dev.yiiapp.com/index.php?r=site/page&view=about
---
2023/08/23 12:44:15 [error] [exception.CException] CException: CAssetManager.basePath "/home/sa/php_projects/yii_projects/yii_tutorial/assets" is invalid. Please make sure the directory exists and is writable by the Web server process. in /home/sa/php_projects/yii_projects/yii_tutorial/yii/framework/web/CAssetManager.php:138
Stack trace:
#0 /home/sa/php_projects/yii_projects/yii_tutorial/yii/framework/web/CAssetManager.php(123): CAssetManager->setBasePath()
#1 /home/sa/php_projects/yii_projects/yii_tutorial/yii/framework/web/CAssetManager.php(217): CAssetManager->getBasePath()
#2 /home/sa/php_projects/yii_projects/yii_tutorial/yii/framework/web/CClientScript.php(511): CAssetManager->publish()
#3 /home/sa/php_projects/yii_projects/yii_tutorial/yii/framework/web/CClientScript.php(548): CClientScript->getCoreScriptUrl()
#4 /home/sa/php_projects/yii_projects/yii_tutorial/yii/framework/web/CClientScript.php(349): CClientScript->getPackageBaseUrl()
#5 /home/sa/php_projects/yii_projects/yii_tutorial/yii/framework/web/CClientScript.php(208): CClientScript->renderCoreScripts()
#6 /home/sa/php_projects/yii_projects/yii_tutorial/yii/framework/web/CController.php(352): CClientScript->render()
#7 /home/sa/php_projects/yii_projects/yii_tutorial/yii/framework/web/CController.php(791): CController->processOutput()
#8 /home/sa/php_projects/yii_projects/yii_tutorial/protected/controllers/SiteController.php(72): CController->render()
#9 /home/sa/php_projects/yii_projects/yii_tutorial/yii/framework/web/actions/CInlineAction.php(49): SiteController->actionContact()
#10 /home/sa/php_projects/yii_projects/yii_tutorial/yii/framework/web/CController.php(308): CInlineAction->runWithParams()
#11 /home/sa/php_projects/yii_projects/yii_tutorial/yii/framework/web/CController.php(286): CController->runAction()
#12 /home/sa/php_projects/yii_projects/yii_tutorial/yii/framework/web/CController.php(265): CController->runActionWithFilters()
#13 /home/sa/php_projects/yii_projects/yii_tutorial/yii/framework/web/CWebApplication.php(282): CController->run()
#14 /home/sa/php_projects/yii_projects/yii_tutorial/yii/framework/web/CWebApplication.php(141): CWebApplication->runController()
#15 /home/sa/php_projects/yii_projects/yii_tutorial/yii/framework/base/CApplication.php(185): CWebApplication->processRequest()
#16 /home/sa/php_projects/yii_projects/yii_tutorial/index.php(13): CApplication->run()
#17 {main}
REQUEST_URI=/index.php?r=site/contact
HTTP_REFERER=http://dev.yiiapp.com/index.php?r=site/page&view=about
---
2023/08/23 12:44:22 [error] [exception.CException] CException: CAssetManager.basePath "/home/sa/php_projects/yii_projects/yii_tutorial/assets" is invalid. Please make sure the directory exists and is writable by the Web server process. in /home/sa/php_projects/yii_projects/yii_tutorial/yii/framework/web/CAssetManager.php:138
Stack trace:
#0 /home/sa/php_projects/yii_projects/yii_tutorial/yii/framework/web/CAssetManager.php(123): CAssetManager->setBasePath()
#1 /home/sa/php_projects/yii_projects/yii_tutorial/yii/framework/web/CAssetManager.php(217): CAssetManager->getBasePath()
#2 /home/sa/php_projects/yii_projects/yii_tutorial/yii/framework/web/CClientScript.php(511): CAssetManager->publish()
#3 /home/sa/php_projects/yii_projects/yii_tutorial/yii/framework/web/CClientScript.php(548): CClientScript->getCoreScriptUrl()
#4 /home/sa/php_projects/yii_projects/yii_tutorial/yii/framework/web/CClientScript.php(349): CClientScript->getPackageBaseUrl()
#5 /home/sa/php_projects/yii_projects/yii_tutorial/yii/framework/web/CClientScript.php(208): CClientScript->renderCoreScripts()
#6 /home/sa/php_projects/yii_projects/yii_tutorial/yii/framework/web/CController.php(352): CClientScript->render()
#7 /home/sa/php_projects/yii_projects/yii_tutorial/yii/framework/web/CController.php(791): CController->processOutput()
#8 /home/sa/php_projects/yii_projects/yii_tutorial/protected/controllers/SiteController.php(98): CController->render()
#9 /home/sa/php_projects/yii_projects/yii_tutorial/yii/framework/web/actions/CInlineAction.php(49): SiteController->actionLogin()
#10 /home/sa/php_projects/yii_projects/yii_tutorial/yii/framework/web/CController.php(308): CInlineAction->runWithParams()
#11 /home/sa/php_projects/yii_projects/yii_tutorial/yii/framework/web/CController.php(286): CController->runAction()
#12 /home/sa/php_projects/yii_projects/yii_tutorial/yii/framework/web/CController.php(265): CController->runActionWithFilters()
#13 /home/sa/php_projects/yii_projects/yii_tutorial/yii/framework/web/CWebApplication.php(282): CController->run()
#14 /home/sa/php_projects/yii_projects/yii_tutorial/yii/framework/web/CWebApplication.php(141): CWebApplication->runController()
#15 /home/sa/php_projects/yii_projects/yii_tutorial/yii/framework/base/CApplication.php(185): CWebApplication->processRequest()
#16 /home/sa/php_projects/yii_projects/yii_tutorial/index.php(13): CApplication->run()
#17 {main}
REQUEST_URI=/index.php?r=site/login
HTTP_REFERER=http://dev.yiiapp.com/index.php?r=site/page&view=about
---
2023/08/23 12:48:16 [error] [exception.CException] CException: CAssetManager.basePath "/home/sa/php_projects/yii_projects/yii_tutorial/assets" is invalid. Please make sure the directory exists and is writable by the Web server process. in /home/sa/php_projects/yii_projects/yii_tutorial/yii/framework/web/CAssetManager.php:138
Stack trace:
#0 /home/sa/php_projects/yii_projects/yii_tutorial/yii/framework/web/CAssetManager.php(123): CAssetManager->setBasePath()
#1 /home/sa/php_projects/yii_projects/yii_tutorial/yii/framework/web/CAssetManager.php(217): CAssetManager->getBasePath()
#2 /home/sa/php_projects/yii_projects/yii_tutorial/yii/framework/web/CClientScript.php(511): CAssetManager->publish()
#3 /home/sa/php_projects/yii_projects/yii_tutorial/yii/framework/web/CClientScript.php(548): CClientScript->getCoreScriptUrl()
#4 /home/sa/php_projects/yii_projects/yii_tutorial/yii/framework/web/CClientScript.php(349): CClientScript->getPackageBaseUrl()
#5 /home/sa/php_projects/yii_projects/yii_tutorial/yii/framework/web/CClientScript.php(208): CClientScript->renderCoreScripts()
#6 /home/sa/php_projects/yii_projects/yii_tutorial/yii/framework/web/CController.php(352): CClientScript->render()
#7 /home/sa/php_projects/yii_projects/yii_tutorial/yii/framework/web/CController.php(791): CController->processOutput()
#8 /home/sa/php_projects/yii_projects/yii_tutorial/protected/controllers/SiteController.php(98): CController->render()
#9 /home/sa/php_projects/yii_projects/yii_tutorial/yii/framework/web/actions/CInlineAction.php(49): SiteController->actionLogin()
#10 /home/sa/php_projects/yii_projects/yii_tutorial/yii/framework/web/CController.php(308): CInlineAction->runWithParams()
#11 /home/sa/php_projects/yii_projects/yii_tutorial/yii/framework/web/CController.php(286): CController->runAction()
#12 /home/sa/php_projects/yii_projects/yii_tutorial/yii/framework/web/CController.php(265): CController->runActionWithFilters()
#13 /home/sa/php_projects/yii_projects/yii_tutorial/yii/framework/web/CWebApplication.php(282): CController->run()
#14 /home/sa/php_projects/yii_projects/yii_tutorial/yii/framework/web/CWebApplication.php(141): CWebApplication->runController()
#15 /home/sa/php_projects/yii_projects/yii_tutorial/yii/framework/base/CApplication.php(185): CWebApplication->processRequest()
#16 /home/sa/php_projects/yii_projects/yii_tutorial/index.php(13): CApplication->run()
#17 {main}
REQUEST_URI=/index.php?r=site/login
HTTP_REFERER=http://dev.yiiapp.com/index.php?r=site/page&view=about
---
2023/08/23 12:48:34 [error] [exception.CException] CException: CAssetManager.basePath "/home/sa/php_projects/yii_projects/yii_tutorial/assets" is invalid. Please make sure the directory exists and is writable by the Web server process. in /home/sa/php_projects/yii_projects/yii_tutorial/yii/framework/web/CAssetManager.php:138
Stack trace:
#0 /home/sa/php_projects/yii_projects/yii_tutorial/yii/framework/web/CAssetManager.php(123): CAssetManager->setBasePath()
#1 /home/sa/php_projects/yii_projects/yii_tutorial/yii/framework/web/CAssetManager.php(217): CAssetManager->getBasePath()
#2 /home/sa/php_projects/yii_projects/yii_tutorial/yii/framework/web/CClientScript.php(511): CAssetManager->publish()
#3 /home/sa/php_projects/yii_projects/yii_tutorial/yii/framework/web/CClientScript.php(548): CClientScript->getCoreScriptUrl()
#4 /home/sa/php_projects/yii_projects/yii_tutorial/yii/framework/web/CClientScript.php(349): CClientScript->getPackageBaseUrl()
#5 /home/sa/php_projects/yii_projects/yii_tutorial/yii/framework/web/CClientScript.php(208): CClientScript->renderCoreScripts()
#6 /home/sa/php_projects/yii_projects/yii_tutorial/yii/framework/web/CController.php(352): CClientScript->render()
#7 /home/sa/php_projects/yii_projects/yii_tutorial/yii/framework/web/CController.php(791): CController->processOutput()
#8 /home/sa/php_projects/yii_projects/yii_tutorial/protected/controllers/SiteController.php(72): CController->render()
#9 /home/sa/php_projects/yii_projects/yii_tutorial/yii/framework/web/actions/CInlineAction.php(49): SiteController->actionContact()
#10 /home/sa/php_projects/yii_projects/yii_tutorial/yii/framework/web/CController.php(308): CInlineAction->runWithParams()
#11 /home/sa/php_projects/yii_projects/yii_tutorial/yii/framework/web/CController.php(286): CController->runAction()
#12 /home/sa/php_projects/yii_projects/yii_tutorial/yii/framework/web/CController.php(265): CController->runActionWithFilters()
#13 /home/sa/php_projects/yii_projects/yii_tutorial/yii/framework/web/CWebApplication.php(282): CController->run()
#14 /home/sa/php_projects/yii_projects/yii_tutorial/yii/framework/web/CWebApplication.php(141): CWebApplication->runController()
#15 /home/sa/php_projects/yii_projects/yii_tutorial/yii/framework/base/CApplication.php(185): CWebApplication->processRequest()
#16 /home/sa/php_projects/yii_projects/yii_tutorial/index.php(13): CApplication->run()
#17 {main}
REQUEST_URI=/index.php?r=site/contact
HTTP_REFERER=http://dev.yiiapp.com/index.php?r=site/page&view=about
---
